INFO: 2023-09-04 06:59:26,486: main() 'Using profile folder /home/cylian91/.config/variety/'
INFO: 2023-09-04 06:59:26,487: perform_upgrade() 'Last run version was 0.8.10 or earlier, current version is 0.8.10'
INFO: 2023-09-04 06:59:26,578: process_command() 'Received command: []'
INFO: 2023-09-04 06:59:26,579: start() 'Using data_path /usr/share/variety'
INFO: 2023-09-04 06:59:26,579: load() 'Jumble loading'
INFO: 2023-09-04 06:59:26,579: _walk_modules() 'Jumble loading module in __init__ from /usr/lib/python3.11/site-packages/variety/plugins/builtin/__init__.py'
INFO: 2023-09-04 06:59:26,579: _walk_modules() 'Jumble loading module in __init__ from /usr/lib/python3.11/site-packages/variety/plugins/builtin/downloaders/__init__.py'
INFO: 2023-09-04 06:59:26,580: _walk_modules() 'Jumble loading module in BingDownloader from /usr/lib/python3.11/site-packages/variety/plugins/builtin/downloaders/BingDownloader.py'
INFO: 2023-09-04 06:59:26,580: load() 'Jumble found plugin class: <class 'BingDownloader.BingDownloader'>: {'name': 'BingDownloader', 'description': 'Photo du jour de Bing', 'author': 'Peter Levi', 'version': '0.1'}'
INFO: 2023-09-04 06:59:26,580: _walk_modules() 'Jumble loading module in APODDownloader from /usr/lib/python3.11/site-packages/variety/plugins/builtin/downloaders/APODDownloader.py'
INFO: 2023-09-04 06:59:26,580: load() 'Jumble found plugin class: <class 'APODDownloader.APODDownloader'>: {'name': 'APODDownloader', 'description': 'NASA Astro Pic of the Day', 'author': 'Peter Levi', 'version': '0.1'}'
INFO: 2023-09-04 06:59:26,581: _walk_modules() 'Jumble loading module in WallhavenSource from /usr/lib/python3.11/site-packages/variety/plugins/builtin/downloaders/WallhavenSource.py'
INFO: 2023-09-04 06:59:26,582: load() 'Jumble found plugin class: <class 'WallhavenSource.WallhavenSource'>: {'name': 'WallhavenSource', 'description': 'Configurable source for fetching images from Wallhaven.cc', 'author': 'Peter Levi', 'version': '0.1'}'
INFO: 2023-09-04 06:59:26,582: _walk_modules() 'Jumble loading module in ArtStationSource from /usr/lib/python3.11/site-packages/variety/plugins/builtin/downloaders/ArtStationSource.py'
INFO: 2023-09-04 06:59:26,583: load() 'Jumble found plugin class: <class 'ArtStationSource.ArtStationSource'>: {'name': 'ArtStationSource', 'description': 'Configurable source for fetching images from ArtStation', 'author': 'Denis Gordeev', 'version': '0.1'}'
INFO: 2023-09-04 06:59:26,583: _walk_modules() 'Jumble loading module in EarthviewDownloader from /usr/lib/python3.11/site-packages/variety/plugins/builtin/downloaders/EarthviewDownloader.py'
INFO: 2023-09-04 06:59:26,583: load() 'Jumble found plugin class: <class 'EarthviewDownloader.EarthviewDownloader'>: {'name': 'EarthviewDownloader', 'description': 'Google Earth View Wallpapers', 'author': 'Peter Levi', 'version': '0.1'}'
INFO: 2023-09-04 06:59:26,583: _walk_modules() 'Jumble loading module in ArtStationDownloader from /usr/lib/python3.11/site-packages/variety/plugins/builtin/downloaders/ArtStationDownloader.py'
INFO: 2023-09-04 06:59:26,583: _walk_modules() 'Jumble loading module in RedditSource from /usr/lib/python3.11/site-packages/variety/plugins/builtin/downloaders/RedditSource.py'
INFO: 2023-09-04 06:59:26,584: load() 'Jumble found plugin class: <class 'RedditSource.RedditSource'>: {'name': 'RedditSource', 'description': 'Configurable source for fetching images from Reddit', 'author': 'Peter Levi', 'version': '0.1'}'
INFO: 2023-09-04 06:59:26,584: _walk_modules() 'Jumble loading module in NationalGeographicDownloader from /usr/lib/python3.11/site-packages/variety/plugins/builtin/downloaders/NationalGeographicDownloader.py'
INFO: 2023-09-04 06:59:26,584: load() 'Jumble found plugin class: <class 'NationalGeographicDownloader.NationalGeographicDownloader'>: {'name': 'NationalGeographicDownloader', 'description': "National Geographic's photo of the day", 'author': 'Eric Rösch', 'version': '0.1'}'
INFO: 2023-09-04 06:59:26,585: _walk_modules() 'Jumble loading module in MediaRSSSource from /usr/lib/python3.11/site-packages/variety/plugins/builtin/downloaders/MediaRSSSource.py'
INFO: 2023-09-04 06:59:26,585: load() 'Jumble found plugin class: <class 'MediaRSSSource.MediaRSSSource'>: {'name': 'MediaRSSSource', 'description': 'Configurable source for fetching images from MediaRSS feeds', 'author': 'Peter Levi', 'version': '0.1'}'
INFO: 2023-09-04 06:59:26,585: _walk_modules() 'Jumble loading module in MediaRSSDownloader from /usr/lib/python3.11/site-packages/variety/plugins/builtin/downloaders/MediaRSSDownloader.py'
INFO: 2023-09-04 06:59:26,585: _walk_modules() 'Jumble loading module in WallhavenDownloader from /usr/lib/python3.11/site-packages/variety/plugins/builtin/downloaders/WallhavenDownloader.py'
INFO: 2023-09-04 06:59:26,586: _walk_modules() 'Jumble loading module in WallhavenLegacyDownloader from /usr/lib/python3.11/site-packages/variety/plugins/builtin/downloaders/WallhavenLegacyDownloader.py'
INFO: 2023-09-04 06:59:26,586: _walk_modules() 'Jumble loading module in UnsplashConfigurableSource from /usr/lib/python3.11/site-packages/variety/plugins/builtin/downloaders/UnsplashConfigurableSource.py'
INFO: 2023-09-04 06:59:26,587: load() 'Jumble found plugin class: <class 'UnsplashConfigurableSource.UnsplashConfigurableSource'>: {'name': 'UnsplashConfigurableSource', 'description': 'Configurable source for fetching photos from Unsplash.com', 'author': 'Peter Levi', 'version': '0.1'}'
INFO: 2023-09-04 06:59:26,587: _walk_modules() 'Jumble loading module in UnsplashDownloader from /usr/lib/python3.11/site-packages/variety/plugins/builtin/downloaders/UnsplashDownloader.py'
INFO: 2023-09-04 06:59:26,587: load() 'Jumble found plugin class: <class 'UnsplashDownloader.UnsplashDownloader'>: {'name': 'UnsplashDownloader', 'description': 'Photos haute résolution de Unsplash.com', 'author': 'Peter Levi', 'version': '0.1'}'
INFO: 2023-09-04 06:59:26,587: _walk_modules() 'Jumble loading module in RedditDownloader from /usr/lib/python3.11/site-packages/variety/plugins/builtin/downloaders/RedditDownloader.py'
INFO: 2023-09-04 06:59:26,587: _walk_modules() 'Jumble loading module in __init__ from /usr/lib/python3.11/site-packages/variety/plugins/builtin/display_modes/__init__.py'
INFO: 2023-09-04 06:59:26,588: _walk_modules() 'Jumble loading module in GnomeDisplayModesPlugin from /usr/lib/python3.11/site-packages/variety/plugins/builtin/display_modes/GnomeDisplayModesPlugin.py'
INFO: 2023-09-04 06:59:26,588: load() 'Jumble found plugin class: <class 'GnomeDisplayModesPlugin.GnomeDisplayModesPlugin'>: {'name': 'GnomeDisplayModesPlugin', 'description': 'Display modes relying on the underlying desktop environment', 'version': '1.0', 'author': 'Peter Levi'}'
INFO: 2023-09-04 06:59:26,588: _walk_modules() 'Jumble loading module in LegacyDisplayModesPlugin from /usr/lib/python3.11/site-packages/variety/plugins/builtin/display_modes/LegacyDisplayModesPlugin.py'
INFO: 2023-09-04 06:59:26,588: load() 'Jumble found plugin class: <class 'LegacyDisplayModesPlugin.LegacyDisplayModesPlugin'>: {'name': 'LegacyDisplayModesPlugin', 'description': 'Legacy display mode for compatibility with past Variety versions', 'version': '1.0', 'author': 'Peter Levi'}'
INFO: 2023-09-04 06:59:26,588: _walk_modules() 'Jumble loading module in ResizingDisplayModesPlugin from /usr/lib/python3.11/site-packages/variety/plugins/builtin/display_modes/ResizingDisplayModesPlugin.py'
INFO: 2023-09-04 06:59:26,589: load() 'Jumble found plugin class: <class 'ResizingDisplayModesPlugin.ResizingDisplayModesPlugin'>: {'name': 'ResizingDisplayModesPlugin', 'description': 'Display modes that use image resizing within Variety', 'version': '1.0', 'author': 'Peter Levi'}'
INFO: 2023-09-04 06:59:26,589: _walk_modules() 'Jumble loading module in __init__ from /usr/lib/python3.11/site-packages/variety/plugins/builtin/quotes/__init__.py'
INFO: 2023-09-04 06:59:26,589: _walk_modules() 'Jumble loading module in LocalFilesSource from /usr/lib/python3.11/site-packages/variety/plugins/builtin/quotes/LocalFilesSource.py'
INFO: 2023-09-04 06:59:26,589: load() 'Jumble found plugin class: <class 'LocalFilesSource.LocalFilesSource'>: {'name': 'Local text files', 'description': 'Displays quotes, defined in local text files.\nPut your own txt files in: ~/.config/variety/pluginconfig/quotes/.\nThe file format is:\n\nquote -- author\n.\nsecond quote -- another author\n.\netc...\n\nExample: http://rvelthuis.de/zips/quotes.txt', 'author': 'Peter Levi', 'version': '0.1'}'
INFO: 2023-09-04 06:59:26,590: _walk_modules() 'Jumble loading module in GoodreadsSource from /usr/lib/python3.11/site-packages/variety/plugins/builtin/quotes/GoodreadsSource.py'
INFO: 2023-09-04 06:59:26,618: load() 'Jumble found plugin class: <class 'GoodreadsSource.GoodreadsSource'>: {'name': 'Goodreads', 'description': 'Fetches quotes from Goodreads.com', 'author': 'Peter Levi', 'version': '0.1'}'
INFO: 2023-09-04 06:59:26,618: _walk_modules() 'Jumble loading module in UrbanDictionarySource from /usr/lib/python3.11/site-packages/variety/plugins/builtin/quotes/UrbanDictionarySource.py'
INFO: 2023-09-04 06:59:26,618: load() 'Jumble found plugin class: <class 'UrbanDictionarySource.UrbanDictionarySource'>: {'name': 'Urban Dictionary', 'description': 'Displays definitions from Urban Dictionary', 'author': 'James Miller', 'version': '0.1'}'
INFO: 2023-09-04 06:59:26,618: _walk_modules() 'Jumble loading module in FortuneSource from /usr/lib/python3.11/site-packages/variety/plugins/builtin/quotes/FortuneSource.py'
INFO: 2023-09-04 06:59:26,619: load() 'Jumble found plugin class: <class 'FortuneSource.FortuneSource'>: {'name': 'UNIX fortune program', 'description': 'Displays quotes using the UNIX fortune program. You may want to install additional fortune packs, e.g. fortunes-bofh-excuses.', 'author': 'Dan Jones', 'version': '0.1'}'
INFO: 2023-09-04 06:59:26,619: _walk_modules() 'Jumble loading module in QuotationsPageSource from /usr/lib/python3.11/site-packages/variety/plugins/builtin/quotes/QuotationsPageSource.py'
INFO: 2023-09-04 06:59:26,619: load() 'Jumble found plugin class: <class 'QuotationsPageSource.QuotationsPageSource'>: {'name': 'TheQuotationsPage.com', 'description': 'Fetches quotes from TheQuotationsPage.com', 'author': 'Peter Levi', 'version': '0.1'}'
ERROR: 2023-09-04 06:59:26,624: get_desktop_wallpaper() 'Exception when calling get_wallpaper script'
Traceback (most recent call last):
  File "/usr/lib/python3.11/site-packages/variety/VarietyWindow.py", line 2712, in get_desktop_wallpaper
    output = subprocess.check_output(script).decode().strip()
             ^^^^^^^^^^^^^^^^^^^^^^^^^^^^^^^
  File "/usr/lib/python3.11/subprocess.py", line 466, in check_output
    return run(*popenargs, stdout=PIPE, timeout=timeout, check=True,
           ^^^^^^^^^^^^^^^^^^^^^^^^^^^^^^^^^^^^^^^^^^^^^^^^^^^^^^^^^
  File "/usr/lib/python3.11/subprocess.py", line 571, in run
    raise CalledProcessError(retcode, process.args,
subprocess.CalledProcessError: Command '/home/cylian91/.config/variety/scripts/get_wallpaper' returned non-zero exit status 2.
INFO: 2023-09-04 06:59:26,625: log_options() 'Loaded options:'
INFO: 2023-09-04 06:59:26,625: log_options() 'change_enabled = True'
INFO: 2023-09-04 06:59:26,625: log_options() 'change_interval = 60'
INFO: 2023-09-04 06:59:26,625: log_options() 'change_on_start = True'
INFO: 2023-09-04 06:59:26,625: log_options() 'clipboard_enabled = False'
INFO: 2023-09-04 06:59:26,625: log_options() 'clipboard_hosts = ['wallhaven.cc', 'wallpapers.net', 'flickr.com', 'imgur.com', 'deviantart.com', 'interfacelift.com', 'vladstudio.com', 'imageshack.us', 'deviantart.net', 'imageshack.com']'
INFO: 2023-09-04 06:59:26,625: log_options() 'clipboard_use_whitelist = True'
INFO: 2023-09-04 06:59:26,625: log_options() 'clock_date_font = Serif 30'
INFO: 2023-09-04 06:59:26,625: log_options() 'clock_enabled = True'
INFO: 2023-09-04 06:59:26,625: log_options() 'clock_filter = -density 100 -font `fc-match -f '%{file[0]}' '%CLOCK_FONT_NAME'` -pointsize %CLOCK_FONT_SIZE -gravity SouthEast -fill '#00000044' -annotate 0x0+[%HOFFSET+58]+[%VOFFSET+108] '%H:%M' -fill white -annotate 0x0+[%HOFFSET+60]+[%VOFFSET+110] '%H:%M' -font `fc-match -f '%{file[0]}' '%DATE_FONT_NAME'` -pointsize %DATE_FONT_SIZE -fill '#00000044' -annotate 0x0+[%HOFFSET+58]+[%VOFFSET+58] '%A, %B %d' -fill white -annotate 0x0+[%HOFFSET+60]+[%VOFFSET+60] '%A, %B %d''
INFO: 2023-09-04 06:59:26,625: log_options() 'clock_font = Serif 70'
INFO: 2023-09-04 06:59:26,625: log_options() 'configfile = /home/cylian91/.config/variety/variety.conf'
INFO: 2023-09-04 06:59:26,625: log_options() 'copyto_enabled = False'
INFO: 2023-09-04 06:59:26,625: log_options() 'copyto_folder = Default'
INFO: 2023-09-04 06:59:26,625: log_options() 'desired_color = [160, 160, 160]'
INFO: 2023-09-04 06:59:26,625: log_options() 'desired_color_enabled = False'
INFO: 2023-09-04 06:59:26,625: log_options() 'download_folder = /home/cylian91/.config/variety/Downloaded'
INFO: 2023-09-04 06:59:26,625: log_options() 'download_preference_ratio = 0.9'
INFO: 2023-09-04 06:59:26,625: log_options() 'favorites_folder = /home/cylian91/.config/variety/Favorites'
INFO: 2023-09-04 06:59:26,626: log_options() 'favorites_operations = [['Downloaded', 'Copy'], ['Fetched', 'Move'], ['Others', 'Copy']]'
INFO: 2023-09-04 06:59:26,626: log_options() 'fetched_folder = /home/cylian91/.config/variety/Fetched'
INFO: 2023-09-04 06:59:26,626: log_options() 'filters = [[True, 'Keep original', ''], [False, 'Grayscale', '-type Grayscale'], [False, 'Heavy blur', '-scale 20% -blur 0x10 -resize 500%'], [False, 'Soft blur', '-scale 20% -blur 0x2 -resize 500%'], [False, 'Oil painting', '-paint 8'], [False, 'Pointilism', '-spread 10 -noise 3'], [False, 'Pixellate', '-scale 3% -scale 3333%']]'
INFO: 2023-09-04 06:59:26,626: log_options() 'get_wallpaper_script = /home/cylian91/.config/variety/scripts/get_wallpaper'
INFO: 2023-09-04 06:59:26,626: log_options() 'icon = Dark'
INFO: 2023-09-04 06:59:26,626: log_options() 'internet_enabled = False'
INFO: 2023-09-04 06:59:26,626: log_options() 'lightness_enabled = False'
INFO: 2023-09-04 06:59:26,626: log_options() 'lightness_mode = 0'
INFO: 2023-09-04 06:59:26,626: log_options() 'min_rating = 4'
INFO: 2023-09-04 06:59:26,626: log_options() 'min_rating_enabled = False'
INFO: 2023-09-04 06:59:26,626: log_options() 'min_size = 80'
INFO: 2023-09-04 06:59:26,626: log_options() 'min_size_enabled = False'
INFO: 2023-09-04 06:59:26,626: log_options() 'quota_enabled = True'
INFO: 2023-09-04 06:59:26,626: log_options() 'quota_size = 1000'
INFO: 2023-09-04 06:59:26,626: log_options() 'quotes_authors = '
INFO: 2023-09-04 06:59:26,626: log_options() 'quotes_bg_color = [80, 80, 80]'
INFO: 2023-09-04 06:59:26,626: log_options() 'quotes_bg_opacity = 55'
INFO: 2023-09-04 06:59:26,626: log_options() 'quotes_change_enabled = False'
INFO: 2023-09-04 06:59:26,626: log_options() 'quotes_change_interval = 300'
INFO: 2023-09-04 06:59:26,626: log_options() 'quotes_disabled_sources = ['Urban Dictionary']'
INFO: 2023-09-04 06:59:26,626: log_options() 'quotes_enabled = False'
INFO: 2023-09-04 06:59:26,626: log_options() 'quotes_favorites_file = /home/cylian91/.config/variety/favorite_quotes.txt'
INFO: 2023-09-04 06:59:26,626: log_options() 'quotes_font = Serif 30'
INFO: 2023-09-04 06:59:26,626: log_options() 'quotes_hpos = 100'
INFO: 2023-09-04 06:59:26,626: log_options() 'quotes_max_length = 250'
INFO: 2023-09-04 06:59:26,626: log_options() 'quotes_tags = '
INFO: 2023-09-04 06:59:26,626: log_options() 'quotes_text_color = [255, 255, 255]'
INFO: 2023-09-04 06:59:26,626: log_options() 'quotes_text_shadow = False'
INFO: 2023-09-04 06:59:26,626: log_options() 'quotes_vpos = 40'
INFO: 2023-09-04 06:59:26,626: log_options() 'quotes_width = 70'
INFO: 2023-09-04 06:59:26,626: log_options() 'safe_mode = False'
INFO: 2023-09-04 06:59:26,626: log_options() 'set_wallpaper_script = /home/cylian91/.config/variety/scripts/set_wallpaper'
INFO: 2023-09-04 06:59:26,626: log_options() 'slideshow_custom_enabled = False'
INFO: 2023-09-04 06:59:26,626: log_options() 'slideshow_custom_folder = /home/cylian91/Images'
INFO: 2023-09-04 06:59:26,626: log_options() 'slideshow_downloads_enabled = False'
INFO: 2023-09-04 06:59:26,626: log_options() 'slideshow_fade = 0.4'
INFO: 2023-09-04 06:59:26,626: log_options() 'slideshow_favorites_enabled = True'
INFO: 2023-09-04 06:59:26,626: log_options() 'slideshow_mode = Fullscreen'
INFO: 2023-09-04 06:59:26,626: log_options() 'slideshow_monitor = All'
INFO: 2023-09-04 06:59:26,626: log_options() 'slideshow_pan = 0.05'
INFO: 2023-09-04 06:59:26,626: log_options() 'slideshow_seconds = 6.0'
INFO: 2023-09-04 06:59:26,626: log_options() 'slideshow_sort_order = Random'
INFO: 2023-09-04 06:59:26,626: log_options() 'slideshow_sources_enabled = True'
INFO: 2023-09-04 06:59:26,626: log_options() 'slideshow_zoom = 0.2'
INFO: 2023-09-04 06:59:26,626: log_options() 'smart_enabled = False'
INFO: 2023-09-04 06:59:26,626: log_options() 'smart_notice_shown = False'
INFO: 2023-09-04 06:59:26,626: log_options() 'smart_register_shown = False'
INFO: 2023-09-04 06:59:26,626: log_options() 'sources = [[False, 'favorites', 'The Favorites folder'], [False, 'fetched', 'The Fetched folder'], [False, 'apod', "NASA's Astronomy Picture of the Day"], [False, 'bing', 'Bing Photo of the Day'], [False, 'earthview', 'Google Earth View Wallpapers'], [False, 'natgeo', "National Geographic's photo of the day"], [False, 'unsplash', 'High-resolution photos from Unsplash.com'], [True, 'folder', '/home/cylian91/background']]'
INFO: 2023-09-04 06:59:26,626: log_options() 'stats_enabled = True'
INFO: 2023-09-04 06:59:26,626: log_options() 'stats_notice_shown = False'
INFO: 2023-09-04 06:59:26,626: log_options() 'sync_enabled = True'
INFO: 2023-09-04 06:59:26,626: log_options() 'use_landscape_enabled = True'
INFO: 2023-09-04 06:59:26,626: log_options() 'wallhaven_api_key = '
INFO: 2023-09-04 06:59:26,626: log_options() 'wallpaper_auto_rotate = False'
INFO: 2023-09-04 06:59:26,626: log_options() 'wallpaper_display_mode = os'
INFO: 2023-09-04 06:59:26,626: reload_config() 'No need to clear prepared queue'
INFO: 2023-09-04 06:59:26,626: clock_thread_method() 'clock thread running'
INFO: 2023-09-04 06:59:26,626: update_indicator() 'Setting file info to: /home/cylian91/background/cyberpunk_neon_city_3.jpg'
INFO: 2023-09-04 06:59:26,629: load_banned() 'Missing or invalid banned URLs list, no URLs will be banned'
INFO: 2023-09-04 06:59:26,629: load_last_change_time() 'Change interval < 6 hours, ignore persisted last_change_time, wait initially the whole interval: 60'
INFO: 2023-09-04 06:59:26,629: update_indicator() 'Setting file info to: /home/cylian91/background/cyberpunk_neon_city_3.jpg'
INFO: 2023-09-04 06:59:26,629: regular_change_thread() 'regular_change thread running'
INFO: 2023-09-04 06:59:26,629: prepare_thread() 'Prepare thread running'
INFO: 2023-09-04 06:59:26,629: prepare_thread() 'Prepared buffer contains 0 images'
INFO: 2023-09-04 06:59:26,629: prepare_thread() 'Preparing some images'
INFO: 2023-09-04 06:59:26,637: prepare_thread() 'After search prepared buffer contains 10 images'
INFO: 2023-09-04 06:59:26,640: update_indicator_icon() 'Creating indicator'
WARNING: 2023-09-04 06:59:26,643: create_menu() 'Variety Slideshow is not installed. This is an optional extension adding pan-and-zoom slideshows to Variety: see https://github.com/peterlevi/variety-slideshow for details'
INFO: 2023-09-04 06:59:26,643: create_indicator() 'indicator backend: AppIndicator3'
INFO: 2023-09-04 06:59:26,670: set_from_theme_icon() 'Showing indicator icon variety-indicator-dark from GTK theme'
INFO: 2023-09-04 06:59:26,729: do_set_wp() 'Calling do_set_wp with /home/cylian91/background/cyberpunk_neon_city_3.jpg, time: 1693803566.7292898'
INFO: 2023-09-04 06:59:26,731: compute_trimmed_offsets() 'Trimmed offsets debug info: w:1920, h:1080, ratio:1.777778, iw:2560, ih:1080, scw:2560, sch:1080, ho:320, vo:0'
INFO: 2023-09-04 06:59:26,731: build_imagemagick_clock_cmd() 'Applying clock filter: -density 100 -font `fc-match -f '%{file[0]}' 'Serif:70'` -pointsize 70 -gravity SouthEast -fill '#00000044' -annotate 0x0+378+108 '06:59' -fill white -annotate 0x0+380+110 '06:59' -font `fc-match -f '%{file[0]}' 'Serif:30'` -pointsize 30 -fill '#00000044' -annotate 0x0+378+58 'lundi, septembre 04' -fill white -annotate 0x0+380+60 'lundi, septembre 04''
INFO: 2023-09-04 06:59:26,731: build_imagemagick_clock_cmd() 'ImageMagick clock cmd: convert /home/cylian91/background/cyberpunk_neon_city_3.jpg -scale 1920x1080^ -density 100 -font `fc-match -f '%{file[0]}' 'Serif:70'` -pointsize 70 -gravity SouthEast -fill '#00000044' -annotate 0x0+378+108 '06:59' -fill white -annotate 0x0+380+110 '06:59' -font `fc-match -f '%{file[0]}' 'Serif:30'` -pointsize 30 -fill '#00000044' -annotate 0x0+378+58 'lundi, septembre 04' -fill white -annotate 0x0+380+60 'lundi, septembre 04' /home/cylian91/.config/variety/wallpaper/wallpaper-clock-3147735494f0d57e44b5564b01944bf7.jpg'
ERROR: 2023-09-04 06:59:26,843: get_desktop_wallpaper() 'Exception when calling get_wallpaper script'
Traceback (most recent call last):
  File "/usr/lib/python3.11/site-packages/variety/VarietyWindow.py", line 2712, in get_desktop_wallpaper
    output = subprocess.check_output(script).decode().strip()
             ^^^^^^^^^^^^^^^^^^^^^^^^^^^^^^^
  File "/usr/lib/python3.11/subprocess.py", line 466, in check_output
    return run(*popenargs, stdout=PIPE, timeout=timeout, check=True,
           ^^^^^^^^^^^^^^^^^^^^^^^^^^^^^^^^^^^^^^^^^^^^^^^^^^^^^^^^^
  File "/usr/lib/python3.11/subprocess.py", line 571, in run
    raise CalledProcessError(retcode, process.args,
subprocess.CalledProcessError: Command '/home/cylian91/.config/variety/scripts/get_wallpaper' returned non-zero exit status 2.
INFO: 2023-09-04 06:59:26,844: update_indicator() 'Setting file info to: /home/cylian91/background/cyberpunk_neon_city_3.jpg'
INFO: 2023-09-04 06:59:27,626: clock_thread_method() 'clock_thread updates wallpaper'
INFO: 2023-09-04 06:59:27,729: do_set_wp() 'Calling do_set_wp with /home/cylian91/background/cyberpunk_neon_city_3.jpg, time: 1693803567.7294507'
INFO: 2023-09-04 06:59:27,731: reload() 'Reloading preferences dialog'
INFO: 2023-09-04 06:59:28,637: trigger_download() 'Triggering download thread to check if download needed and possible'
INFO: 2023-09-04 06:59:28,964: compute_trimmed_offsets() 'Trimmed offsets debug info: w:1920, h:1080, ratio:1.777778, iw:2560, ih:1080, scw:2560, sch:1080, ho:320, vo:0'
INFO: 2023-09-04 06:59:28,964: build_imagemagick_clock_cmd() 'Applying clock filter: -density 100 -font `fc-match -f '%{file[0]}' 'Serif:70'` -pointsize 70 -gravity SouthEast -fill '#00000044' -annotate 0x0+378+108 '06:59' -fill white -annotate 0x0+380+110 '06:59' -font `fc-match -f '%{file[0]}' 'Serif:30'` -pointsize 30 -fill '#00000044' -annotate 0x0+378+58 'lundi, septembre 04' -fill white -annotate 0x0+380+60 'lundi, septembre 04''
INFO: 2023-09-04 06:59:28,965: build_imagemagick_clock_cmd() 'ImageMagick clock cmd: convert /home/cylian91/background/cyberpunk_neon_city_3.jpg -scale 1920x1080^ -density 100 -font `fc-match -f '%{file[0]}' 'Serif:70'` -pointsize 70 -gravity SouthEast -fill '#00000044' -annotate 0x0+378+108 '06:59' -fill white -annotate 0x0+380+110 '06:59' -font `fc-match -f '%{file[0]}' 'Serif:30'` -pointsize 30 -fill '#00000044' -annotate 0x0+378+58 'lundi, septembre 04' -fill white -annotate 0x0+380+60 'lundi, septembre 04' /home/cylian91/.config/variety/wallpaper/wallpaper-clock-b0f389c620f4cfc90032f57c04130ef7.jpg'
ERROR: 2023-09-04 06:59:29,038: get_desktop_wallpaper() 'Exception when calling get_wallpaper script'
Traceback (most recent call last):
  File "/usr/lib/python3.11/site-packages/variety/VarietyWindow.py", line 2712, in get_desktop_wallpaper
    output = subprocess.check_output(script).decode().strip()
             ^^^^^^^^^^^^^^^^^^^^^^^^^^^^^^^
  File "/usr/lib/python3.11/subprocess.py", line 466, in check_output
    return run(*popenargs, stdout=PIPE, timeout=timeout, check=True,
           ^^^^^^^^^^^^^^^^^^^^^^^^^^^^^^^^^^^^^^^^^^^^^^^^^^^^^^^^^
  File "/usr/lib/python3.11/subprocess.py", line 571, in run
    raise CalledProcessError(retcode, process.args,
subprocess.CalledProcessError: Command '/home/cylian91/.config/variety/scripts/get_wallpaper' returned non-zero exit status 2.
INFO: 2023-09-04 06:59:29,038: update_indicator() 'Setting file info to: /home/cylian91/background/cyberpunk_neon_city_3.jpg'
INFO: 2023-09-04 06:59:31,629: set_wallpaper() 'Calling set_wallpaper with /home/cylian91/background/cyberpunk_neon_city_2.png'
INFO: 2023-09-04 06:59:31,629: prepare_thread() 'Prepared buffer contains 9 images'
INFO: 2023-09-04 06:59:31,630: do_set_wp() 'Calling do_set_wp with /home/cylian91/background/cyberpunk_neon_city_2.png, time: 1693803571.630074'
INFO: 2023-09-04 06:59:31,630: compute_trimmed_offsets() 'Trimmed offsets debug info: w:1920, h:1080, ratio:1.777778, iw:2560, ih:1600, scw:1920, sch:1200, ho:0, vo:60'
INFO: 2023-09-04 06:59:31,630: build_imagemagick_clock_cmd() 'Applying clock filter: -density 100 -font `fc-match -f '%{file[0]}' 'Serif:70'` -pointsize 70 -gravity SouthEast -fill '#00000044' -annotate 0x0+58+168 '06:59' -fill white -annotate 0x0+60+170 '06:59' -font `fc-match -f '%{file[0]}' 'Serif:30'` -pointsize 30 -fill '#00000044' -annotate 0x0+58+118 'lundi, septembre 04' -fill white -annotate 0x0+60+120 'lundi, septembre 04''
INFO: 2023-09-04 06:59:31,630: build_imagemagick_clock_cmd() 'ImageMagick clock cmd: convert /home/cylian91/background/cyberpunk_neon_city_2.png -scale 1920x1080^ -density 100 -font `fc-match -f '%{file[0]}' 'Serif:70'` -pointsize 70 -gravity SouthEast -fill '#00000044' -annotate 0x0+58+168 '06:59' -fill white -annotate 0x0+60+170 '06:59' -font `fc-match -f '%{file[0]}' 'Serif:30'` -pointsize 30 -fill '#00000044' -annotate 0x0+58+118 'lundi, septembre 04' -fill white -annotate 0x0+60+120 'lundi, septembre 04' /home/cylian91/.config/variety/wallpaper/wallpaper-clock-f02c022f8b861057fd25294332452eac.jpg'
ERROR: 2023-09-04 06:59:31,827: get_desktop_wallpaper() 'Exception when calling get_wallpaper script'
Traceback (most recent call last):
  File "/usr/lib/python3.11/site-packages/variety/VarietyWindow.py", line 2712, in get_desktop_wallpaper
    output = subprocess.check_output(script).decode().strip()
             ^^^^^^^^^^^^^^^^^^^^^^^^^^^^^^^
  File "/usr/lib/python3.11/subprocess.py", line 466, in check_output
    return run(*popenargs, stdout=PIPE, timeout=timeout, check=True,
           ^^^^^^^^^^^^^^^^^^^^^^^^^^^^^^^^^^^^^^^^^^^^^^^^^^^^^^^^^
  File "/usr/lib/python3.11/subprocess.py", line 571, in run
    raise CalledProcessError(retcode, process.args,
subprocess.CalledProcessError: Command '/home/cylian91/.config/variety/scripts/get_wallpaper' returned non-zero exit status 2.
INFO: 2023-09-04 06:59:31,827: update_indicator() 'Setting file info to: /home/cylian91/background/cyberpunk_neon_city_2.png'
INFO: 2023-09-04 06:59:33,630: trigger_download() 'Triggering download thread to check if download needed and possible'
INFO: 2023-09-04 07:00:00,630: clock_thread_method() 'clock_thread updates wallpaper'
INFO: 2023-09-04 07:00:00,630: do_set_wp() 'Calling do_set_wp with /home/cylian91/background/cyberpunk_neon_city_2.png, time: 1693803600.630992'
INFO: 2023-09-04 07:00:00,631: compute_trimmed_offsets() 'Trimmed offsets debug info: w:1920, h:1080, ratio:1.777778, iw:2560, ih:1600, scw:1920, sch:1200, ho:0, vo:60'
INFO: 2023-09-04 07:00:00,631: build_imagemagick_clock_cmd() 'Applying clock filter: -density 100 -font `fc-match -f '%{file[0]}' 'Serif:70'` -pointsize 70 -gravity SouthEast -fill '#00000044' -annotate 0x0+58+168 '07:00' -fill white -annotate 0x0+60+170 '07:00' -font `fc-match -f '%{file[0]}' 'Serif:30'` -pointsize 30 -fill '#00000044' -annotate 0x0+58+118 'lundi, septembre 04' -fill white -annotate 0x0+60+120 'lundi, septembre 04''
INFO: 2023-09-04 07:00:00,631: build_imagemagick_clock_cmd() 'ImageMagick clock cmd: convert /home/cylian91/background/cyberpunk_neon_city_2.png -scale 1920x1080^ -density 100 -font `fc-match -f '%{file[0]}' 'Serif:70'` -pointsize 70 -gravity SouthEast -fill '#00000044' -annotate 0x0+58+168 '07:00' -fill white -annotate 0x0+60+170 '07:00' -font `fc-match -f '%{file[0]}' 'Serif:30'` -pointsize 30 -fill '#00000044' -annotate 0x0+58+118 'lundi, septembre 04' -fill white -annotate 0x0+60+120 'lundi, septembre 04' /home/cylian91/.config/variety/wallpaper/wallpaper-clock-02cb354b132fadd4fe480722060a16af.jpg'
ERROR: 2023-09-04 07:00:00,822: get_desktop_wallpaper() 'Exception when calling get_wallpaper script'
Traceback (most recent call last):
  File "/usr/lib/python3.11/site-packages/variety/VarietyWindow.py", line 2712, in get_desktop_wallpaper
    output = subprocess.check_output(script).decode().strip()
             ^^^^^^^^^^^^^^^^^^^^^^^^^^^^^^^
  File "/usr/lib/python3.11/subprocess.py", line 466, in check_output
    return run(*popenargs, stdout=PIPE, timeout=timeout, check=True,
           ^^^^^^^^^^^^^^^^^^^^^^^^^^^^^^^^^^^^^^^^^^^^^^^^^^^^^^^^^
  File "/usr/lib/python3.11/subprocess.py", line 571, in run
    raise CalledProcessError(retcode, process.args,
subprocess.CalledProcessError: Command '/home/cylian91/.config/variety/scripts/get_wallpaper' returned non-zero exit status 2.
INFO: 2023-09-04 07:00:00,822: update_indicator() 'Setting file info to: /home/cylian91/background/cyberpunk_neon_city_2.png'
INFO: 2023-09-04 07:00:33,945: regular_change_thread() 'regular_change changes wallpaper'
INFO: 2023-09-04 07:00:33,945: set_wallpaper() 'Calling set_wallpaper with /home/cylian91/background/burningflag.jpg'
INFO: 2023-09-04 07:00:33,945: do_set_wp() 'Calling do_set_wp with /home/cylian91/background/burningflag.jpg, time: 1693803633.945551'
INFO: 2023-09-04 07:00:33,945: prepare_thread() 'Prepared buffer contains 8 images'
INFO: 2023-09-04 07:00:33,946: compute_trimmed_offsets() 'Trimmed offsets debug info: w:1920, h:1080, ratio:1.777778, iw:1920, ih:1080, scw:1920, sch:1080, ho:0, vo:0'
INFO: 2023-09-04 07:00:33,946: build_imagemagick_clock_cmd() 'Applying clock filter: -density 100 -font `fc-match -f '%{file[0]}' 'Serif:70'` -pointsize 70 -gravity SouthEast -fill '#00000044' -annotate 0x0+58+108 '07:00' -fill white -annotate 0x0+60+110 '07:00' -font `fc-match -f '%{file[0]}' 'Serif:30'` -pointsize 30 -fill '#00000044' -annotate 0x0+58+58 'lundi, septembre 04' -fill white -annotate 0x0+60+60 'lundi, septembre 04''
INFO: 2023-09-04 07:00:33,946: build_imagemagick_clock_cmd() 'ImageMagick clock cmd: convert /home/cylian91/background/burningflag.jpg -scale 1920x1080^ -density 100 -font `fc-match -f '%{file[0]}' 'Serif:70'` -pointsize 70 -gravity SouthEast -fill '#00000044' -annotate 0x0+58+108 '07:00' -fill white -annotate 0x0+60+110 '07:00' -font `fc-match -f '%{file[0]}' 'Serif:30'` -pointsize 30 -fill '#00000044' -annotate 0x0+58+58 'lundi, septembre 04' -fill white -annotate 0x0+60+60 'lundi, septembre 04' /home/cylian91/.config/variety/wallpaper/wallpaper-clock-274378e5c8d44a3fd89194c65612b1a7.jpg'
ERROR: 2023-09-04 07:00:34,004: get_desktop_wallpaper() 'Exception when calling get_wallpaper script'
Traceback (most recent call last):
  File "/usr/lib/python3.11/site-packages/variety/VarietyWindow.py", line 2712, in get_desktop_wallpaper
    output = subprocess.check_output(script).decode().strip()
             ^^^^^^^^^^^^^^^^^^^^^^^^^^^^^^^
  File "/usr/lib/python3.11/subprocess.py", line 466, in check_output
    return run(*popenargs, stdout=PIPE, timeout=timeout, check=True,
           ^^^^^^^^^^^^^^^^^^^^^^^^^^^^^^^^^^^^^^^^^^^^^^^^^^^^^^^^^
  File "/usr/lib/python3.11/subprocess.py", line 571, in run
    raise CalledProcessError(retcode, process.args,
subprocess.CalledProcessError: Command '/home/cylian91/.config/variety/scripts/get_wallpaper' returned non-zero exit status 2.
INFO: 2023-09-04 07:00:34,005: update_indicator() 'Setting file info to: /home/cylian91/background/burningflag.jpg'
INFO: 2023-09-04 07:00:35,946: trigger_download() 'Triggering download thread to check if download needed and possible'
